<?xml version="1.0" encoding="UTF-8"?>
<!-- Generated by org.testng.reporters.JUnitXMLReporter -->
<testsuite ignored="0" hostname="Nimer" failures="0" tests="3" name="Default test" time="18.938" errors="0" timestamp="2023-10-24T13:00:04 EET">
  <testcase classname="swaglab.TestCase" name="LoginWithPerformanceUser" time="9.307"/>
  <testcase classname="swaglab.TestCase" name="LoginWithProblemUser" time="4.216"/>
  <testcase classname="swaglab.TestCase" name="LoginWithStandardUSer" time="4.204"/>
</testsuite> <!-- Default test -->
