<?xml version="1.0" encoding="UTF-8"?>
<testng-results ignored="0" total="3" passed="3" failed="0" skipped="0">
  <reporter-output>
  </reporter-output>
  <suite started-at="2023-10-24T12:59:45 EET" name="Default suite" finished-at="2023-10-24T13:00:04 EET" duration-ms="18938">
    <groups>
    </groups>
    <test started-at="2023-10-24T12:59:45 EET" name="Default test" finished-at="2023-10-24T13:00:04 EET" duration-ms="18938">
      <class name="swaglab.TestCase">
        <test-method is-config="true" signature="mySetup()[pri:0, instance:swaglab.TestCase@62435e70]" started-at="2023-10-24T12:59:45 EET" name="mySetup" finished-at="2023-10-24T12:59:46 EET" duration-ms="1045" status="PASS">
          <reporter-output>
          </reporter-output>
        </test-method> <!-- mySetup -->
        <test-method signature="LoginWithPerformanceUser()[pri:0, instance:swaglab.TestCase@62435e70]" started-at="2023-10-24T12:59:46 EET" name="LoginWithPerformanceUser" finished-at="2023-10-24T12:59:55 EET" duration-ms="9307" status="PASS">
          <reporter-output>
          </reporter-output>
        </test-method> <!-- LoginWithPerformanceUser -->
        <test-method is-config="true" signature="mySetup()[pri:0, instance:swaglab.TestCase@62435e70]" started-at="2023-10-24T12:59:55 EET" name="mySetup" finished-at="2023-10-24T12:59:55 EET" duration-ms="87" status="PASS">
          <reporter-output>
          </reporter-output>
        </test-method> <!-- mySetup -->
        <test-method signature="LoginWithProblemUser()[pri:0, instance:swaglab.TestCase@62435e70]" started-at="2023-10-24T12:59:55 EET" name="LoginWithProblemUser" finished-at="2023-10-24T12:59:59 EET" duration-ms="4216" status="PASS">
          <reporter-output>
          </reporter-output>
        </test-method> <!-- LoginWithProblemUser -->
        <test-method is-config="true" signature="mySetup()[pri:0, instance:swaglab.TestCase@62435e70]" started-at="2023-10-24T12:59:59 EET" name="mySetup" finished-at="2023-10-24T12:59:59 EET" duration-ms="43" status="PASS">
          <reporter-output>
          </reporter-output>
        </test-method> <!-- mySetup -->
        <test-method signature="LoginWithStandardUSer()[pri:0, instance:swaglab.TestCase@62435e70]" started-at="2023-10-24T12:59:59 EET" name="LoginWithStandardUSer" finished-at="2023-10-24T13:00:03 EET" duration-ms="4204" status="PASS">
          <reporter-output>
          </reporter-output>
        </test-method> <!-- LoginWithStandardUSer -->
        <test-method is-config="true" signature="myPostTesting()[pri:0, instance:swaglab.TestCase@62435e70]" started-at="2023-10-24T13:00:04 EET" name="myPostTesting" finished-at="2023-10-24T13:00:04 EET" duration-ms="1" status="PASS">
          <reporter-output>
          </reporter-output>
        </test-method> <!-- myPostTesting -->
      </class> <!-- swaglab.TestCase -->
    </test> <!-- Default test -->
  </suite> <!-- Default suite -->
</testng-results>
